D:\EDUCATION\PROJECTS\MAINCOLORMODE\DEBUG\MAINCOLORMODE.EXE
D:\EDUCATION\PROJECTS\MAINCOLORMODE\DEBUG\MAINCOLORMODE.ILK
D:\EDUCATION\PROJECTS\MAINCOLORMODE\DEBUG\MAINCOLORMODE.PDB
D:\Education\projects\MainColorMode\MainColorMode\Debug\cl.command.1.tlog
D:\Education\projects\MainColorMode\MainColorMode\Debug\CL.read.1.tlog
D:\Education\projects\MainColorMode\MainColorMode\Debug\CL.write.1.tlog
D:\Education\projects\MainColorMode\MainColorMode\Debug\link.1840.read.1.tlog
D:\Education\projects\MainColorMode\MainColorMode\Debug\link.1840.write.1.tlog
D:\Education\projects\MainColorMode\MainColorMode\Debug\link.1840-cvtres.read.1.tlog
D:\Education\projects\MainColorMode\MainColorMode\Debug\link.1840-cvtres.write.1.tlog
D:\Education\projects\MainColorMode\MainColorMode\Debug\link.4800.read.1.tlog
D:\Education\projects\MainColorMode\MainColorMode\Debug\link.4800.write.1.tlog
D:\Education\projects\MainColorMode\MainColorMode\Debug\link.4800-cvtres.read.1.tlog
D:\Education\projects\MainColorMode\MainColorMode\Debug\link.4800-cvtres.write.1.tlog
D:\Education\projects\MainColorMode\MainColorMode\Debug\link.command.1.tlog
D:\Education\projects\MainColorMode\MainColorMode\Debug\link.read.1.tlog
D:\Education\projects\MainColorMode\MainColorMode\Debug\link.write.1.tlog
D:\Education\projects\MainColorMode\MainColorMode\Debug\link-cvtres.read.1.tlog
D:\Education\projects\MainColorMode\MainColorMode\Debug\link-cvtres.write.1.tlog
D:\EDUCATION\PROJECTS\MAINCOLORMODE\MAINCOLORMODE\DEBUG\MAIN.OBJ
D:\EDUCATION\PROJECTS\MAINCOLORMODE\MAINCOLORMODE\DEBUG\MAINCOLORMODE.EXE.EMBED.MANIFEST
D:\EDUCATION\PROJECTS\MAINCOLORMODE\MAINCOLORMODE\DEBUG\MAINCOLORMODE.EXE.EMBED.MANIFEST.RES
D:\EDUCATION\PROJECTS\MAINCOLORMODE\MAINCOLORMODE\DEBUG\MAINCOLORMODE.EXE.INTERMEDIATE.MANIFEST
D:\Education\projects\MainColorMode\MainColorMode\Debug\MainColorMode_manifest.rc
D:\Education\projects\MainColorMode\MainColorMode\Debug\mt.command.1.tlog
D:\Education\projects\MainColorMode\MainColorMode\Debug\mt.read.1.tlog
D:\Education\projects\MainColorMode\MainColorMode\Debug\mt.write.1.tlog
D:\Education\projects\MainColorMode\MainColorMode\Debug\rc.command.1.tlog
D:\Education\projects\MainColorMode\MainColorMode\Debug\rc.read.1.tlog
D:\Education\projects\MainColorMode\MainColorMode\Debug\rc.write.1.tlog
D:\Education\projects\MainColorMode\MainColorMode\Debug\vc100.idb
D:\EDUCATION\PROJECTS\MAINCOLORMODE\MAINCOLORMODE\DEBUG\VC100.PDB
