D:\Education\projects\MainColorMode\MainColorMode\x64\Debug\cl.command.1.tlog
D:\Education\projects\MainColorMode\MainColorMode\x64\Debug\CL.read.1.tlog
D:\Education\projects\MainColorMode\MainColorMode\x64\Debug\CL.write.1.tlog
D:\EDUCATION\PROJECTS\MAINCOLORMODE\MAINCOLORMODE\X64\DEBUG\IMAGESIGNATURE.OBJ
D:\Education\projects\MainColorMode\MainColorMode\x64\Debug\link.6268.read.1.tlog
D:\Education\projects\MainColorMode\MainColorMode\x64\Debug\link.6268.write.1.tlog
D:\Education\projects\MainColorMode\MainColorMode\x64\Debug\link.6268-cvtres.read.1.tlog
D:\Education\projects\MainColorMode\MainColorMode\x64\Debug\link.6268-cvtres.write.1.tlog
D:\Education\projects\MainColorMode\MainColorMode\x64\Debug\link.6432.read.1.tlog
D:\Education\projects\MainColorMode\MainColorMode\x64\Debug\link.6432.write.1.tlog
D:\Education\projects\MainColorMode\MainColorMode\x64\Debug\link.6432-cvtres.read.1.tlog
D:\Education\projects\MainColorMode\MainColorMode\x64\Debug\link.6432-cvtres.write.1.tlog
D:\Education\projects\MainColorMode\MainColorMode\x64\Debug\link.7136.read.1.tlog
D:\Education\projects\MainColorMode\MainColorMode\x64\Debug\link.7136.write.1.tlog
D:\Education\projects\MainColorMode\MainColorMode\x64\Debug\link.7136-cvtres.read.1.tlog
D:\Education\projects\MainColorMode\MainColorMode\x64\Debug\link.7136-cvtres.write.1.tlog
D:\Education\projects\MainColorMode\MainColorMode\x64\Debug\link.command.1.tlog
D:\Education\projects\MainColorMode\MainColorMode\x64\Debug\link.read.1.tlog
D:\Education\projects\MainColorMode\MainColorMode\x64\Debug\link.write.1.tlog
D:\Education\projects\MainColorMode\MainColorMode\x64\Debug\link-cvtres.read.1.tlog
D:\Education\projects\MainColorMode\MainColorMode\x64\Debug\link-cvtres.write.1.tlog
D:\EDUCATION\PROJECTS\MAINCOLORMODE\MAINCOLORMODE\X64\DEBUG\MAIN.OBJ
D:\EDUCATION\PROJECTS\MAINCOLORMODE\MAINCOLORMODE\X64\DEBUG\MAINCOLORMODE.EXE.EMBED.MANIFEST
D:\EDUCATION\PROJECTS\MAINCOLORMODE\MAINCOLORMODE\X64\DEBUG\MAINCOLORMODE.EXE.EMBED.MANIFEST.RES
D:\Education\projects\MainColorMode\MainColorMode\x64\Debug\MainColorMode.exe.intermediate.manifest
D:\Education\projects\MainColorMode\MainColorMode\x64\Debug\MainColorMode_manifest.rc
D:\Education\projects\MainColorMode\MainColorMode\x64\Debug\mt.command.1.tlog
D:\Education\projects\MainColorMode\MainColorMode\x64\Debug\mt.read.1.tlog
D:\Education\projects\MainColorMode\MainColorMode\x64\Debug\mt.write.1.tlog
D:\Education\projects\MainColorMode\MainColorMode\x64\Debug\rc.command.1.tlog
D:\Education\projects\MainColorMode\MainColorMode\x64\Debug\rc.read.1.tlog
D:\Education\projects\MainColorMode\MainColorMode\x64\Debug\rc.write.1.tlog
D:\Education\projects\MainColorMode\MainColorMode\x64\Debug\vc100.idb
D:\EDUCATION\PROJECTS\MAINCOLORMODE\MAINCOLORMODE\X64\DEBUG\VC100.PDB
D:\Education\projects\MainColorMode\x64\Debug\MainColorMode.exe
D:\Education\projects\MainColorMode\x64\Debug\MainColorMode.ilk
D:\Education\projects\MainColorMode\x64\Debug\MainColorMode.pdb
